c:\quake3e-master\code\win32\msvc2015\build\renderer_release_x64\renderer.pdb
c:\quake3e-master\code\win32\msvc2015\build\renderer_release_x64\tr_mesh.obj
c:\quake3e-master\code\win32\msvc2015\build\renderer_release_x64\tr_marks.obj
c:\quake3e-master\code\win32\msvc2015\build\renderer_release_x64\tr_main.obj
c:\quake3e-master\code\win32\msvc2015\build\renderer_release_x64\tr_light.obj
c:\quake3e-master\code\win32\msvc2015\build\renderer_release_x64\tr_init.obj
c:\quake3e-master\code\win32\msvc2015\build\renderer_release_x64\tr_image_tga.obj
c:\quake3e-master\code\win32\msvc2015\build\renderer_release_x64\tr_image_png.obj
c:\quake3e-master\code\win32\msvc2015\build\renderer_release_x64\tr_image_pcx.obj
c:\quake3e-master\code\win32\msvc2015\build\renderer_release_x64\tr_image_jpg.obj
c:\quake3e-master\code\win32\msvc2015\build\renderer_release_x64\tr_image_bmp.obj
c:\quake3e-master\code\win32\msvc2015\build\renderer_release_x64\tr_image.obj
c:\quake3e-master\code\win32\msvc2015\build\renderer_release_x64\tr_font.obj
c:\quake3e-master\code\win32\msvc2015\build\renderer_release_x64\tr_flares.obj
c:\quake3e-master\code\win32\msvc2015\build\renderer_release_x64\tr_curve.obj
c:\quake3e-master\code\win32\msvc2015\build\renderer_release_x64\tr_cmds.obj
c:\quake3e-master\code\win32\msvc2015\build\renderer_release_x64\tr_bsp.obj
c:\quake3e-master\code\win32\msvc2015\build\renderer_release_x64\tr_bloom.obj
c:\quake3e-master\code\win32\msvc2015\build\renderer_release_x64\tr_backend.obj
c:\quake3e-master\code\win32\msvc2015\build\renderer_release_x64\tr_arb.obj
c:\quake3e-master\code\win32\msvc2015\build\renderer_release_x64\tr_animation.obj
c:\quake3e-master\code\win32\msvc2015\build\renderer_release_x64\win_qgl.obj
c:\quake3e-master\code\win32\msvc2015\build\renderer_release_x64\win_glimp.obj
c:\quake3e-master\code\win32\msvc2015\build\renderer_release_x64\win_gamma.obj
c:\quake3e-master\code\win32\msvc2015\build\renderer_release_x64\tr_world.obj
c:\quake3e-master\code\win32\msvc2015\build\renderer_release_x64\tr_surface.obj
c:\quake3e-master\code\win32\msvc2015\build\renderer_release_x64\tr_sky.obj
c:\quake3e-master\code\win32\msvc2015\build\renderer_release_x64\tr_shadows.obj
c:\quake3e-master\code\win32\msvc2015\build\renderer_release_x64\tr_shade_calc.obj
c:\quake3e-master\code\win32\msvc2015\build\renderer_release_x64\tr_shader.obj
c:\quake3e-master\code\win32\msvc2015\build\renderer_release_x64\tr_shade.obj
c:\quake3e-master\code\win32\msvc2015\build\renderer_release_x64\tr_scene.obj
c:\quake3e-master\code\win32\msvc2015\build\renderer_release_x64\tr_noise.obj
c:\quake3e-master\code\win32\msvc2015\build\renderer_release_x64\tr_model_iqm.obj
c:\quake3e-master\code\win32\msvc2015\build\renderer_release_x64\tr_model.obj
c:\quake3e-master\code\win32\msvc2015\build\renderer_release_x64\renderer.lib
c:\users\vahid\desktop\client\code\win32\msvc2015\build\renderer_release_x64\tr_animation.obj
c:\users\vahid\desktop\client\code\win32\msvc2015\build\renderer_release_x64\tr_arb.obj
c:\users\vahid\desktop\client\code\win32\msvc2015\build\renderer_release_x64\tr_backend.obj
c:\users\vahid\desktop\client\code\win32\msvc2015\build\renderer_release_x64\tr_bloom.obj
c:\users\vahid\desktop\client\code\win32\msvc2015\build\renderer_release_x64\tr_bsp.obj
c:\users\vahid\desktop\client\code\win32\msvc2015\build\renderer_release_x64\tr_cmds.obj
c:\users\vahid\desktop\client\code\win32\msvc2015\build\renderer_release_x64\tr_curve.obj
c:\users\vahid\desktop\client\code\win32\msvc2015\build\renderer_release_x64\tr_flares.obj
c:\users\vahid\desktop\client\code\win32\msvc2015\build\renderer_release_x64\tr_font.obj
c:\users\vahid\desktop\client\code\win32\msvc2015\build\renderer_release_x64\tr_image.obj
c:\users\vahid\desktop\client\code\win32\msvc2015\build\renderer_release_x64\tr_image_bmp.obj
c:\users\vahid\desktop\client\code\win32\msvc2015\build\renderer_release_x64\tr_image_jpg.obj
c:\users\vahid\desktop\client\code\win32\msvc2015\build\renderer_release_x64\tr_image_pcx.obj
c:\users\vahid\desktop\client\code\win32\msvc2015\build\renderer_release_x64\tr_image_png.obj
c:\users\vahid\desktop\client\code\win32\msvc2015\build\renderer_release_x64\tr_image_tga.obj
c:\users\vahid\desktop\client\code\win32\msvc2015\build\renderer_release_x64\tr_init.obj
c:\users\vahid\desktop\client\code\win32\msvc2015\build\renderer_release_x64\tr_light.obj
c:\users\vahid\desktop\client\code\win32\msvc2015\build\renderer_release_x64\tr_main.obj
c:\users\vahid\desktop\client\code\win32\msvc2015\build\renderer_release_x64\tr_marks.obj
c:\users\vahid\desktop\client\code\win32\msvc2015\build\renderer_release_x64\tr_mesh.obj
c:\users\vahid\desktop\client\code\win32\msvc2015\build\renderer_release_x64\tr_model.obj
c:\users\vahid\desktop\client\code\win32\msvc2015\build\renderer_release_x64\tr_model_iqm.obj
c:\users\vahid\desktop\client\code\win32\msvc2015\build\renderer_release_x64\tr_noise.obj
c:\users\vahid\desktop\client\code\win32\msvc2015\build\renderer_release_x64\tr_scene.obj
c:\users\vahid\desktop\client\code\win32\msvc2015\build\renderer_release_x64\tr_shade.obj
c:\users\vahid\desktop\client\code\win32\msvc2015\build\renderer_release_x64\tr_shader.obj
c:\users\vahid\desktop\client\code\win32\msvc2015\build\renderer_release_x64\tr_shade_calc.obj
c:\users\vahid\desktop\client\code\win32\msvc2015\build\renderer_release_x64\tr_shadows.obj
c:\users\vahid\desktop\client\code\win32\msvc2015\build\renderer_release_x64\tr_sky.obj
c:\users\vahid\desktop\client\code\win32\msvc2015\build\renderer_release_x64\tr_surface.obj
c:\users\vahid\desktop\client\code\win32\msvc2015\build\renderer_release_x64\tr_world.obj
c:\users\vahid\desktop\client\code\win32\msvc2015\build\renderer_release_x64\win_gamma.obj
c:\users\vahid\desktop\client\code\win32\msvc2015\build\renderer_release_x64\win_glimp.obj
c:\users\vahid\desktop\client\code\win32\msvc2015\build\renderer_release_x64\win_qgl.obj
c:\users\vahid\desktop\client\code\win32\msvc2015\build\renderer_release_x64\renderer.pdb
c:\users\vahid\desktop\client\code\win32\msvc2015\.\build\renderer_release_x64\renderer.lib
c:\users\vahid\desktop\client\code\win32\msvc2015\build\renderer_release_x64\renderer.tlog\cl.command.1.tlog
c:\users\vahid\desktop\client\code\win32\msvc2015\build\renderer_release_x64\renderer.tlog\cl.read.1.tlog
c:\users\vahid\desktop\client\code\win32\msvc2015\build\renderer_release_x64\renderer.tlog\cl.write.1.tlog
c:\users\vahid\desktop\client\code\win32\msvc2015\build\renderer_release_x64\renderer.tlog\lib-link.read.1.tlog
c:\users\vahid\desktop\client\code\win32\msvc2015\build\renderer_release_x64\renderer.tlog\lib-link.write.1.tlog
c:\users\vahid\desktop\client\code\win32\msvc2015\build\renderer_release_x64\renderer.tlog\lib.command.1.tlog
