c:\quake3e-master\code\win32\msvc2015\build\libjpeg_debug\libjpeg.pdb
c:\quake3e-master\code\win32\msvc2015\build\libjpeg_debug\libjpeg.idb
c:\quake3e-master\code\win32\msvc2015\build\libjpeg_debug\jdinput.obj
c:\quake3e-master\code\win32\msvc2015\build\libjpeg_debug\jdmainct.obj
c:\quake3e-master\code\win32\msvc2015\build\libjpeg_debug\jdmarker.obj
c:\quake3e-master\code\win32\msvc2015\build\libjpeg_debug\jdmaster.obj
c:\quake3e-master\code\win32\msvc2015\build\libjpeg_debug\jdmerge.obj
c:\quake3e-master\code\win32\msvc2015\build\libjpeg_debug\jdpostct.obj
c:\quake3e-master\code\win32\msvc2015\build\libjpeg_debug\jdsample.obj
c:\quake3e-master\code\win32\msvc2015\build\libjpeg_debug\jdtrans.obj
c:\quake3e-master\code\win32\msvc2015\build\libjpeg_debug\jerror.obj
c:\quake3e-master\code\win32\msvc2015\build\libjpeg_debug\jfdctflt.obj
c:\quake3e-master\code\win32\msvc2015\build\libjpeg_debug\jfdctfst.obj
c:\quake3e-master\code\win32\msvc2015\build\libjpeg_debug\jfdctint.obj
c:\quake3e-master\code\win32\msvc2015\build\libjpeg_debug\jidctflt.obj
c:\quake3e-master\code\win32\msvc2015\build\libjpeg_debug\jidctfst.obj
c:\quake3e-master\code\win32\msvc2015\build\libjpeg_debug\jidctint.obj
c:\quake3e-master\code\win32\msvc2015\build\libjpeg_debug\jmemmgr.obj
c:\quake3e-master\code\win32\msvc2015\build\libjpeg_debug\jmemnobs.obj
c:\quake3e-master\code\win32\msvc2015\build\libjpeg_debug\jquant1.obj
c:\quake3e-master\code\win32\msvc2015\build\libjpeg_debug\jquant2.obj
c:\quake3e-master\code\win32\msvc2015\build\libjpeg_debug\jutils.obj
c:\quake3e-master\code\win32\msvc2015\build\libjpeg_debug\jcdctmgr.obj
c:\quake3e-master\code\win32\msvc2015\build\libjpeg_debug\jchuff.obj
c:\quake3e-master\code\win32\msvc2015\build\libjpeg_debug\jcinit.obj
c:\quake3e-master\code\win32\msvc2015\build\libjpeg_debug\jcmainct.obj
c:\quake3e-master\code\win32\msvc2015\build\libjpeg_debug\jcmarker.obj
c:\quake3e-master\code\win32\msvc2015\build\libjpeg_debug\jcmaster.obj
c:\quake3e-master\code\win32\msvc2015\build\libjpeg_debug\jcomapi.obj
c:\quake3e-master\code\win32\msvc2015\build\libjpeg_debug\jcparam.obj
c:\quake3e-master\code\win32\msvc2015\build\libjpeg_debug\jcprepct.obj
c:\quake3e-master\code\win32\msvc2015\build\libjpeg_debug\jcsample.obj
c:\quake3e-master\code\win32\msvc2015\build\libjpeg_debug\jctrans.obj
c:\quake3e-master\code\win32\msvc2015\build\libjpeg_debug\jdapimin.obj
c:\quake3e-master\code\win32\msvc2015\build\libjpeg_debug\jdapistd.obj
c:\quake3e-master\code\win32\msvc2015\build\libjpeg_debug\jdarith.obj
c:\quake3e-master\code\win32\msvc2015\build\libjpeg_debug\jdatadst.obj
c:\quake3e-master\code\win32\msvc2015\build\libjpeg_debug\jdatasrc.obj
c:\quake3e-master\code\win32\msvc2015\build\libjpeg_debug\jdcoefct.obj
c:\quake3e-master\code\win32\msvc2015\build\libjpeg_debug\jdcolor.obj
c:\quake3e-master\code\win32\msvc2015\build\libjpeg_debug\jddctmgr.obj
c:\quake3e-master\code\win32\msvc2015\build\libjpeg_debug\jdhuff.obj
c:\quake3e-master\code\win32\msvc2015\build\libjpeg_debug\jaricom.obj
c:\quake3e-master\code\win32\msvc2015\build\libjpeg_debug\jcapimin.obj
c:\quake3e-master\code\win32\msvc2015\build\libjpeg_debug\jcapistd.obj
c:\quake3e-master\code\win32\msvc2015\build\libjpeg_debug\jcarith.obj
c:\quake3e-master\code\win32\msvc2015\build\libjpeg_debug\jccoefct.obj
c:\quake3e-master\code\win32\msvc2015\build\libjpeg_debug\jccolor.obj
c:\quake3e-master\code\win32\msvc2015\build\libjpeg_debug\libjpeg.lib
c:\quake3e-master\code\win32\msvc2015\.\build\libjpeg_debug\libjpeg.lib
c:\quake3e-master\code\win32\msvc2015\build\libjpeg_debug\libjpeg.tlog\cl.command.1.tlog
c:\quake3e-master\code\win32\msvc2015\build\libjpeg_debug\libjpeg.tlog\cl.read.1.tlog
c:\quake3e-master\code\win32\msvc2015\build\libjpeg_debug\libjpeg.tlog\cl.write.1.tlog
c:\quake3e-master\code\win32\msvc2015\build\libjpeg_debug\libjpeg.tlog\lib-link.read.1.tlog
c:\quake3e-master\code\win32\msvc2015\build\libjpeg_debug\libjpeg.tlog\lib-link.write.1.tlog
c:\quake3e-master\code\win32\msvc2015\build\libjpeg_debug\libjpeg.tlog\lib.command.1.tlog
