c:\quake3e-master\code\win32\msvc2015\build\botlib_release_x64\botlib.pdb
c:\quake3e-master\code\win32\msvc2015\build\botlib_release_x64\be_ea.obj
c:\quake3e-master\code\win32\msvc2015\build\botlib_release_x64\be_ai_weight.obj
c:\quake3e-master\code\win32\msvc2015\build\botlib_release_x64\be_ai_weap.obj
c:\quake3e-master\code\win32\msvc2015\build\botlib_release_x64\be_ai_move.obj
c:\quake3e-master\code\win32\msvc2015\build\botlib_release_x64\be_ai_goal.obj
c:\quake3e-master\code\win32\msvc2015\build\botlib_release_x64\be_ai_gen.obj
c:\quake3e-master\code\win32\msvc2015\build\botlib_release_x64\be_ai_chat.obj
c:\quake3e-master\code\win32\msvc2015\build\botlib_release_x64\be_ai_char.obj
c:\quake3e-master\code\win32\msvc2015\build\botlib_release_x64\be_aas_sample.obj
c:\quake3e-master\code\win32\msvc2015\build\botlib_release_x64\be_aas_routealt.obj
c:\quake3e-master\code\win32\msvc2015\build\botlib_release_x64\be_aas_route.obj
c:\quake3e-master\code\win32\msvc2015\build\botlib_release_x64\be_aas_reach.obj
c:\quake3e-master\code\win32\msvc2015\build\botlib_release_x64\be_aas_optimize.obj
c:\quake3e-master\code\win32\msvc2015\build\botlib_release_x64\be_aas_move.obj
c:\quake3e-master\code\win32\msvc2015\build\botlib_release_x64\be_aas_main.obj
c:\quake3e-master\code\win32\msvc2015\build\botlib_release_x64\be_aas_file.obj
c:\quake3e-master\code\win32\msvc2015\build\botlib_release_x64\be_aas_entity.obj
c:\quake3e-master\code\win32\msvc2015\build\botlib_release_x64\be_aas_debug.obj
c:\quake3e-master\code\win32\msvc2015\build\botlib_release_x64\be_aas_cluster.obj
c:\quake3e-master\code\win32\msvc2015\build\botlib_release_x64\be_aas_bspq3.obj
c:\quake3e-master\code\win32\msvc2015\build\botlib_release_x64\l_struct.obj
c:\quake3e-master\code\win32\msvc2015\build\botlib_release_x64\l_script.obj
c:\quake3e-master\code\win32\msvc2015\build\botlib_release_x64\l_precomp.obj
c:\quake3e-master\code\win32\msvc2015\build\botlib_release_x64\l_memory.obj
c:\quake3e-master\code\win32\msvc2015\build\botlib_release_x64\l_log.obj
c:\quake3e-master\code\win32\msvc2015\build\botlib_release_x64\l_libvar.obj
c:\quake3e-master\code\win32\msvc2015\build\botlib_release_x64\l_crc.obj
c:\quake3e-master\code\win32\msvc2015\build\botlib_release_x64\be_interface.obj
c:\quake3e-master\code\win32\msvc2015\build\botlib_release_x64\botlib.lib
c:\users\vahid\desktop\client\code\win32\msvc2015\build\botlib_release_x64\be_aas_bspq3.obj
c:\users\vahid\desktop\client\code\win32\msvc2015\build\botlib_release_x64\be_aas_cluster.obj
c:\users\vahid\desktop\client\code\win32\msvc2015\build\botlib_release_x64\be_aas_debug.obj
c:\users\vahid\desktop\client\code\win32\msvc2015\build\botlib_release_x64\be_aas_entity.obj
c:\users\vahid\desktop\client\code\win32\msvc2015\build\botlib_release_x64\be_aas_file.obj
c:\users\vahid\desktop\client\code\win32\msvc2015\build\botlib_release_x64\be_aas_main.obj
c:\users\vahid\desktop\client\code\win32\msvc2015\build\botlib_release_x64\be_aas_move.obj
c:\users\vahid\desktop\client\code\win32\msvc2015\build\botlib_release_x64\be_aas_optimize.obj
c:\users\vahid\desktop\client\code\win32\msvc2015\build\botlib_release_x64\be_aas_reach.obj
c:\users\vahid\desktop\client\code\win32\msvc2015\build\botlib_release_x64\be_aas_route.obj
c:\users\vahid\desktop\client\code\win32\msvc2015\build\botlib_release_x64\be_aas_routealt.obj
c:\users\vahid\desktop\client\code\win32\msvc2015\build\botlib_release_x64\be_aas_sample.obj
c:\users\vahid\desktop\client\code\win32\msvc2015\build\botlib_release_x64\be_ai_char.obj
c:\users\vahid\desktop\client\code\win32\msvc2015\build\botlib_release_x64\be_ai_chat.obj
c:\users\vahid\desktop\client\code\win32\msvc2015\build\botlib_release_x64\be_ai_gen.obj
c:\users\vahid\desktop\client\code\win32\msvc2015\build\botlib_release_x64\be_ai_goal.obj
c:\users\vahid\desktop\client\code\win32\msvc2015\build\botlib_release_x64\be_ai_move.obj
c:\users\vahid\desktop\client\code\win32\msvc2015\build\botlib_release_x64\be_ai_weap.obj
c:\users\vahid\desktop\client\code\win32\msvc2015\build\botlib_release_x64\be_ai_weight.obj
c:\users\vahid\desktop\client\code\win32\msvc2015\build\botlib_release_x64\be_ea.obj
c:\users\vahid\desktop\client\code\win32\msvc2015\build\botlib_release_x64\be_interface.obj
c:\users\vahid\desktop\client\code\win32\msvc2015\build\botlib_release_x64\l_crc.obj
c:\users\vahid\desktop\client\code\win32\msvc2015\build\botlib_release_x64\l_libvar.obj
c:\users\vahid\desktop\client\code\win32\msvc2015\build\botlib_release_x64\l_log.obj
c:\users\vahid\desktop\client\code\win32\msvc2015\build\botlib_release_x64\l_memory.obj
c:\users\vahid\desktop\client\code\win32\msvc2015\build\botlib_release_x64\l_precomp.obj
c:\users\vahid\desktop\client\code\win32\msvc2015\build\botlib_release_x64\l_script.obj
c:\users\vahid\desktop\client\code\win32\msvc2015\build\botlib_release_x64\l_struct.obj
c:\users\vahid\desktop\client\code\win32\msvc2015\build\botlib_release_x64\botlib.pdb
c:\users\vahid\desktop\client\code\win32\msvc2015\.\build\botlib_release_x64\botlib.lib
c:\users\vahid\desktop\client\code\win32\msvc2015\build\botlib_release_x64\botlib.tlog\cl.command.1.tlog
c:\users\vahid\desktop\client\code\win32\msvc2015\build\botlib_release_x64\botlib.tlog\cl.read.1.tlog
c:\users\vahid\desktop\client\code\win32\msvc2015\build\botlib_release_x64\botlib.tlog\cl.write.1.tlog
c:\users\vahid\desktop\client\code\win32\msvc2015\build\botlib_release_x64\botlib.tlog\lib-link.read.1.tlog
c:\users\vahid\desktop\client\code\win32\msvc2015\build\botlib_release_x64\botlib.tlog\lib-link.write.1.tlog
c:\users\vahid\desktop\client\code\win32\msvc2015\build\botlib_release_x64\botlib.tlog\lib.command.1.tlog
