  jaricom.c
  jcapimin.c
  jcapistd.c
  jcarith.c
  jccoefct.c
  jccolor.c
  jcdctmgr.c
  jchuff.c
  jcinit.c
  jcmainct.c
  jcmarker.c
  jcmaster.c
  jcomapi.c
  jcparam.c
  jcprepct.c
  jcsample.c
  jctrans.c
  jdapimin.c
  jdapistd.c
  jdarith.c
  Generating Code...
  Compiling...
  jdatadst.c
..\..\jpeg-8c\jdatadst.c(185): warning C4267: '=': conversion from 'size_t' to 'unsigned long', possible loss of data
  jdatasrc.c
  jdcoefct.c
  jdcolor.c
  jddctmgr.c
  jdhuff.c
  jdinput.c
  jdmainct.c
  jdmarker.c
  jdmaster.c
  jdmerge.c
  jdpostct.c
  jdsample.c
  jdtrans.c
  jerror.c
  jfdctflt.c
  jfdctfst.c
  jfdctint.c
  jidctflt.c
  jidctfst.c
  Generating Code...
  Compiling...
  jidctint.c
  jmemmgr.c
..\..\jpeg-8c\jmemmgr.c(308): warning C4267: '+=': conversion from 'size_t' to 'long', possible loss of data
..\..\jpeg-8c\jmemmgr.c(368): warning C4267: '+=': conversion from 'size_t' to 'long', possible loss of data
..\..\jpeg-8c\jmemmgr.c(978): warning C4267: '-=': conversion from 'size_t' to 'long', possible loss of data
..\..\jpeg-8c\jmemmgr.c(992): warning C4267: '-=': conversion from 'size_t' to 'long', possible loss of data
  jmemnobs.c
  jquant1.c
  jquant2.c
  jutils.c
  Generating Code...
  libjpeg.vcxproj -> C:\Users\Vahid\Desktop\Client\code\win32\msvc2015\.\build\libjpeg_release_x64\libjpeg.lib
