c:\quake3e-master\code\win32\msvc2015\build\libjpeg_release_x64\libjpeg.pdb
c:\quake3e-master\code\win32\msvc2015\build\libjpeg_release_x64\jdarith.obj
c:\quake3e-master\code\win32\msvc2015\build\libjpeg_release_x64\jdapistd.obj
c:\quake3e-master\code\win32\msvc2015\build\libjpeg_release_x64\jdapimin.obj
c:\quake3e-master\code\win32\msvc2015\build\libjpeg_release_x64\jctrans.obj
c:\quake3e-master\code\win32\msvc2015\build\libjpeg_release_x64\jcsample.obj
c:\quake3e-master\code\win32\msvc2015\build\libjpeg_release_x64\jcprepct.obj
c:\quake3e-master\code\win32\msvc2015\build\libjpeg_release_x64\jcparam.obj
c:\quake3e-master\code\win32\msvc2015\build\libjpeg_release_x64\jcomapi.obj
c:\quake3e-master\code\win32\msvc2015\build\libjpeg_release_x64\jcmaster.obj
c:\quake3e-master\code\win32\msvc2015\build\libjpeg_release_x64\jcmarker.obj
c:\quake3e-master\code\win32\msvc2015\build\libjpeg_release_x64\jcmainct.obj
c:\quake3e-master\code\win32\msvc2015\build\libjpeg_release_x64\jcinit.obj
c:\quake3e-master\code\win32\msvc2015\build\libjpeg_release_x64\jchuff.obj
c:\quake3e-master\code\win32\msvc2015\build\libjpeg_release_x64\jcdctmgr.obj
c:\quake3e-master\code\win32\msvc2015\build\libjpeg_release_x64\jccolor.obj
c:\quake3e-master\code\win32\msvc2015\build\libjpeg_release_x64\jccoefct.obj
c:\quake3e-master\code\win32\msvc2015\build\libjpeg_release_x64\jcarith.obj
c:\quake3e-master\code\win32\msvc2015\build\libjpeg_release_x64\jcapistd.obj
c:\quake3e-master\code\win32\msvc2015\build\libjpeg_release_x64\jcapimin.obj
c:\quake3e-master\code\win32\msvc2015\build\libjpeg_release_x64\jaricom.obj
c:\quake3e-master\code\win32\msvc2015\build\libjpeg_release_x64\jidctfst.obj
c:\quake3e-master\code\win32\msvc2015\build\libjpeg_release_x64\jidctflt.obj
c:\quake3e-master\code\win32\msvc2015\build\libjpeg_release_x64\jfdctint.obj
c:\quake3e-master\code\win32\msvc2015\build\libjpeg_release_x64\jfdctfst.obj
c:\quake3e-master\code\win32\msvc2015\build\libjpeg_release_x64\jfdctflt.obj
c:\quake3e-master\code\win32\msvc2015\build\libjpeg_release_x64\jerror.obj
c:\quake3e-master\code\win32\msvc2015\build\libjpeg_release_x64\jdtrans.obj
c:\quake3e-master\code\win32\msvc2015\build\libjpeg_release_x64\jdsample.obj
c:\quake3e-master\code\win32\msvc2015\build\libjpeg_release_x64\jdpostct.obj
c:\quake3e-master\code\win32\msvc2015\build\libjpeg_release_x64\jdmerge.obj
c:\quake3e-master\code\win32\msvc2015\build\libjpeg_release_x64\jdmaster.obj
c:\quake3e-master\code\win32\msvc2015\build\libjpeg_release_x64\jdmarker.obj
c:\quake3e-master\code\win32\msvc2015\build\libjpeg_release_x64\jdmainct.obj
c:\quake3e-master\code\win32\msvc2015\build\libjpeg_release_x64\jdinput.obj
c:\quake3e-master\code\win32\msvc2015\build\libjpeg_release_x64\jdhuff.obj
c:\quake3e-master\code\win32\msvc2015\build\libjpeg_release_x64\jddctmgr.obj
c:\quake3e-master\code\win32\msvc2015\build\libjpeg_release_x64\jdcolor.obj
c:\quake3e-master\code\win32\msvc2015\build\libjpeg_release_x64\jdcoefct.obj
c:\quake3e-master\code\win32\msvc2015\build\libjpeg_release_x64\jdatasrc.obj
c:\quake3e-master\code\win32\msvc2015\build\libjpeg_release_x64\jdatadst.obj
c:\quake3e-master\code\win32\msvc2015\build\libjpeg_release_x64\jutils.obj
c:\quake3e-master\code\win32\msvc2015\build\libjpeg_release_x64\jquant2.obj
c:\quake3e-master\code\win32\msvc2015\build\libjpeg_release_x64\jquant1.obj
c:\quake3e-master\code\win32\msvc2015\build\libjpeg_release_x64\jmemnobs.obj
c:\quake3e-master\code\win32\msvc2015\build\libjpeg_release_x64\jmemmgr.obj
c:\quake3e-master\code\win32\msvc2015\build\libjpeg_release_x64\jidctint.obj
c:\quake3e-master\code\win32\msvc2015\build\libjpeg_release_x64\libjpeg.lib
c:\users\vahid\desktop\client\code\win32\msvc2015\build\libjpeg_release_x64\jaricom.obj
c:\users\vahid\desktop\client\code\win32\msvc2015\build\libjpeg_release_x64\jcapimin.obj
c:\users\vahid\desktop\client\code\win32\msvc2015\build\libjpeg_release_x64\jcapistd.obj
c:\users\vahid\desktop\client\code\win32\msvc2015\build\libjpeg_release_x64\jcarith.obj
c:\users\vahid\desktop\client\code\win32\msvc2015\build\libjpeg_release_x64\jccoefct.obj
c:\users\vahid\desktop\client\code\win32\msvc2015\build\libjpeg_release_x64\jccolor.obj
c:\users\vahid\desktop\client\code\win32\msvc2015\build\libjpeg_release_x64\jcdctmgr.obj
c:\users\vahid\desktop\client\code\win32\msvc2015\build\libjpeg_release_x64\jchuff.obj
c:\users\vahid\desktop\client\code\win32\msvc2015\build\libjpeg_release_x64\jcinit.obj
c:\users\vahid\desktop\client\code\win32\msvc2015\build\libjpeg_release_x64\jcmainct.obj
c:\users\vahid\desktop\client\code\win32\msvc2015\build\libjpeg_release_x64\jcmarker.obj
c:\users\vahid\desktop\client\code\win32\msvc2015\build\libjpeg_release_x64\jcmaster.obj
c:\users\vahid\desktop\client\code\win32\msvc2015\build\libjpeg_release_x64\jcomapi.obj
c:\users\vahid\desktop\client\code\win32\msvc2015\build\libjpeg_release_x64\jcparam.obj
c:\users\vahid\desktop\client\code\win32\msvc2015\build\libjpeg_release_x64\jcprepct.obj
c:\users\vahid\desktop\client\code\win32\msvc2015\build\libjpeg_release_x64\jcsample.obj
c:\users\vahid\desktop\client\code\win32\msvc2015\build\libjpeg_release_x64\jctrans.obj
c:\users\vahid\desktop\client\code\win32\msvc2015\build\libjpeg_release_x64\jdapimin.obj
c:\users\vahid\desktop\client\code\win32\msvc2015\build\libjpeg_release_x64\jdapistd.obj
c:\users\vahid\desktop\client\code\win32\msvc2015\build\libjpeg_release_x64\jdarith.obj
c:\users\vahid\desktop\client\code\win32\msvc2015\build\libjpeg_release_x64\jdatadst.obj
c:\users\vahid\desktop\client\code\win32\msvc2015\build\libjpeg_release_x64\jdatasrc.obj
c:\users\vahid\desktop\client\code\win32\msvc2015\build\libjpeg_release_x64\jdcoefct.obj
c:\users\vahid\desktop\client\code\win32\msvc2015\build\libjpeg_release_x64\jdcolor.obj
c:\users\vahid\desktop\client\code\win32\msvc2015\build\libjpeg_release_x64\jddctmgr.obj
c:\users\vahid\desktop\client\code\win32\msvc2015\build\libjpeg_release_x64\jdhuff.obj
c:\users\vahid\desktop\client\code\win32\msvc2015\build\libjpeg_release_x64\jdinput.obj
c:\users\vahid\desktop\client\code\win32\msvc2015\build\libjpeg_release_x64\jdmainct.obj
c:\users\vahid\desktop\client\code\win32\msvc2015\build\libjpeg_release_x64\jdmarker.obj
c:\users\vahid\desktop\client\code\win32\msvc2015\build\libjpeg_release_x64\jdmaster.obj
c:\users\vahid\desktop\client\code\win32\msvc2015\build\libjpeg_release_x64\jdmerge.obj
c:\users\vahid\desktop\client\code\win32\msvc2015\build\libjpeg_release_x64\jdpostct.obj
c:\users\vahid\desktop\client\code\win32\msvc2015\build\libjpeg_release_x64\jdsample.obj
c:\users\vahid\desktop\client\code\win32\msvc2015\build\libjpeg_release_x64\jdtrans.obj
c:\users\vahid\desktop\client\code\win32\msvc2015\build\libjpeg_release_x64\jerror.obj
c:\users\vahid\desktop\client\code\win32\msvc2015\build\libjpeg_release_x64\jfdctflt.obj
c:\users\vahid\desktop\client\code\win32\msvc2015\build\libjpeg_release_x64\jfdctfst.obj
c:\users\vahid\desktop\client\code\win32\msvc2015\build\libjpeg_release_x64\jfdctint.obj
c:\users\vahid\desktop\client\code\win32\msvc2015\build\libjpeg_release_x64\jidctflt.obj
c:\users\vahid\desktop\client\code\win32\msvc2015\build\libjpeg_release_x64\jidctfst.obj
c:\users\vahid\desktop\client\code\win32\msvc2015\build\libjpeg_release_x64\jidctint.obj
c:\users\vahid\desktop\client\code\win32\msvc2015\build\libjpeg_release_x64\jmemmgr.obj
c:\users\vahid\desktop\client\code\win32\msvc2015\build\libjpeg_release_x64\jmemnobs.obj
c:\users\vahid\desktop\client\code\win32\msvc2015\build\libjpeg_release_x64\jquant1.obj
c:\users\vahid\desktop\client\code\win32\msvc2015\build\libjpeg_release_x64\jquant2.obj
c:\users\vahid\desktop\client\code\win32\msvc2015\build\libjpeg_release_x64\jutils.obj
c:\users\vahid\desktop\client\code\win32\msvc2015\build\libjpeg_release_x64\libjpeg.pdb
c:\users\vahid\desktop\client\code\win32\msvc2015\.\build\libjpeg_release_x64\libjpeg.lib
c:\users\vahid\desktop\client\code\win32\msvc2015\build\libjpeg_release_x64\libjpeg.tlog\cl.command.1.tlog
c:\users\vahid\desktop\client\code\win32\msvc2015\build\libjpeg_release_x64\libjpeg.tlog\cl.read.1.tlog
c:\users\vahid\desktop\client\code\win32\msvc2015\build\libjpeg_release_x64\libjpeg.tlog\cl.write.1.tlog
c:\users\vahid\desktop\client\code\win32\msvc2015\build\libjpeg_release_x64\libjpeg.tlog\lib-link.read.1.tlog
c:\users\vahid\desktop\client\code\win32\msvc2015\build\libjpeg_release_x64\libjpeg.tlog\lib-link.write.1.tlog
c:\users\vahid\desktop\client\code\win32\msvc2015\build\libjpeg_release_x64\libjpeg.tlog\lib.command.1.tlog
