c:\quake3e-master\code\win32\msvc2015\build\quake3e_release_x64\vc141.pdb
c:\quake3e-master\code\win32\msvc2015\build\quake3e_release_x64\snd_mix.obj
c:\quake3e-master\code\win32\msvc2015\build\quake3e_release_x64\snd_mem.obj
c:\quake3e-master\code\win32\msvc2015\build\quake3e_release_x64\snd_main.obj
c:\quake3e-master\code\win32\msvc2015\build\quake3e_release_x64\snd_dma.obj
c:\quake3e-master\code\win32\msvc2015\build\quake3e_release_x64\snd_codec_wav.obj
c:\quake3e-master\code\win32\msvc2015\build\quake3e_release_x64\snd_codec_ogg.obj
c:\quake3e-master\code\win32\msvc2015\build\quake3e_release_x64\snd_codec.obj
c:\quake3e-master\code\win32\msvc2015\build\quake3e_release_x64\snd_adpcm.obj
c:\quake3e-master\code\win32\msvc2015\build\quake3e_release_x64\cl_ui.obj
c:\quake3e-master\code\win32\msvc2015\build\quake3e_release_x64\cl_scrn.obj
c:\quake3e-master\code\win32\msvc2015\build\quake3e_release_x64\cl_parse.obj
c:\quake3e-master\code\win32\msvc2015\build\quake3e_release_x64\cl_net_chan.obj
c:\quake3e-master\code\win32\msvc2015\build\quake3e_release_x64\cl_main.obj
c:\quake3e-master\code\win32\msvc2015\build\quake3e_release_x64\cl_keys.obj
c:\quake3e-master\code\win32\msvc2015\build\quake3e_release_x64\cl_input.obj
c:\quake3e-master\code\win32\msvc2015\build\quake3e_release_x64\cl_curl.obj
c:\quake3e-master\code\win32\msvc2015\build\quake3e_release_x64\cl_console.obj
c:\quake3e-master\code\win32\msvc2015\build\quake3e_release_x64\cl_cin.obj
c:\quake3e-master\code\win32\msvc2015\build\quake3e_release_x64\cl_cgame.obj
c:\quake3e-master\code\win32\msvc2015\build\quake3e_release_x64\cl_avi.obj
c:\quake3e-master\code\win32\msvc2015\build\quake3e_release_x64\puff.obj
c:\quake3e-master\code\win32\msvc2015\build\quake3e_release_x64\net_ip.obj
c:\quake3e-master\code\win32\msvc2015\build\quake3e_release_x64\net_chan.obj
c:\quake3e-master\code\win32\msvc2015\build\quake3e_release_x64\msg.obj
c:\quake3e-master\code\win32\msvc2015\build\quake3e_release_x64\md5.obj
c:\quake3e-master\code\win32\msvc2015\build\quake3e_release_x64\md4.obj
c:\quake3e-master\code\win32\msvc2015\build\quake3e_release_x64\keys.obj
c:\quake3e-master\code\win32\msvc2015\build\quake3e_release_x64\huffman_static.obj
c:\quake3e-master\code\win32\msvc2015\build\quake3e_release_x64\huffman.obj
c:\quake3e-master\code\win32\msvc2015\build\quake3e_release_x64\history.obj
c:\quake3e-master\code\win32\msvc2015\build\quake3e_release_x64\files.obj
c:\quake3e-master\code\win32\msvc2015\build\quake3e_release_x64\cvar.obj
c:\quake3e-master\code\win32\msvc2015\build\quake3e_release_x64\common.obj
c:\quake3e-master\code\win32\msvc2015\build\quake3e_release_x64\cm_trace.obj
c:\quake3e-master\code\win32\msvc2015\build\quake3e_release_x64\cm_test.obj
c:\quake3e-master\code\win32\msvc2015\build\quake3e_release_x64\cm_polylib.obj
c:\quake3e-master\code\win32\msvc2015\build\quake3e_release_x64\cm_patch.obj
c:\quake3e-master\code\win32\msvc2015\build\quake3e_release_x64\cm_load.obj
c:\quake3e-master\code\win32\msvc2015\build\quake3e_release_x64\cmd.obj
c:\quake3e-master\code\win32\msvc2015\build\quake3e_release_x64\snd_wavelet.obj
c:\quake3e-master\code\win32\msvc2015\build\quake3e_release_x64\win_snd.obj
c:\quake3e-master\code\win32\msvc2015\build\quake3e_release_x64\win_shared.obj
c:\quake3e-master\code\win32\msvc2015\build\quake3e_release_x64\win_minimize.obj
c:\quake3e-master\code\win32\msvc2015\build\quake3e_release_x64\win_main.obj
c:\quake3e-master\code\win32\msvc2015\build\quake3e_release_x64\win_input.obj
c:\quake3e-master\code\win32\msvc2015\build\quake3e_release_x64\sv_world.obj
c:\quake3e-master\code\win32\msvc2015\build\quake3e_release_x64\sv_snapshot.obj
c:\quake3e-master\code\win32\msvc2015\build\quake3e_release_x64\sv_net_chan.obj
c:\quake3e-master\code\win32\msvc2015\build\quake3e_release_x64\sv_main.obj
c:\quake3e-master\code\win32\msvc2015\build\quake3e_release_x64\sv_init.obj
c:\quake3e-master\code\win32\msvc2015\build\quake3e_release_x64\sv_game.obj
c:\quake3e-master\code\win32\msvc2015\build\quake3e_release_x64\sv_client.obj
c:\quake3e-master\code\win32\msvc2015\build\quake3e_release_x64\sv_ccmds.obj
c:\quake3e-master\code\win32\msvc2015\build\quake3e_release_x64\sv_bot.obj
c:\quake3e-master\code\win32\msvc2015\build\quake3e_release_x64\vm_x86.obj
c:\quake3e-master\code\win32\msvc2015\build\quake3e_release_x64\vm_interpreted.obj
c:\quake3e-master\code\win32\msvc2015\build\quake3e_release_x64\vm.obj
c:\quake3e-master\code\win32\msvc2015\build\quake3e_release_x64\unzip.obj
c:\quake3e-master\code\win32\msvc2015\build\quake3e_release_x64\q_shared.obj
c:\quake3e-master\code\win32\msvc2015\build\quake3e_release_x64\q_math.obj
c:\quake3e-master\code\win32\msvc2015\build\quake3e_release_x64\win_wndproc.obj
c:\quake3e-master\code\win32\msvc2015\build\quake3e_release_x64\win_syscon.obj
c:\quake3e-master\code\win32\msvc2015\build\quake3e_release_x64\snd_mix_x64.asm.obj
c:\quake3e-master\code\win32\msvc2015\output\quake3e.x64.exe
c:\quake3e-master\code\win32\msvc2015\build\quake3e_release_x64\quake3e.x64.map
c:\quake3e-master\code\win32\msvc2015\build\quake3e_release_x64\win_resource.res
c:\users\vahid\desktop\client\code\win32\msvc2015\build\quake3e_release_x64\cl_avi.obj
c:\users\vahid\desktop\client\code\win32\msvc2015\build\quake3e_release_x64\cl_cgame.obj
c:\users\vahid\desktop\client\code\win32\msvc2015\build\quake3e_release_x64\cl_cin.obj
c:\users\vahid\desktop\client\code\win32\msvc2015\build\quake3e_release_x64\cl_console.obj
c:\users\vahid\desktop\client\code\win32\msvc2015\build\quake3e_release_x64\cl_curl.obj
c:\users\vahid\desktop\client\code\win32\msvc2015\build\quake3e_release_x64\cl_input.obj
c:\users\vahid\desktop\client\code\win32\msvc2015\build\quake3e_release_x64\cl_keys.obj
c:\users\vahid\desktop\client\code\win32\msvc2015\build\quake3e_release_x64\cl_main.obj
c:\users\vahid\desktop\client\code\win32\msvc2015\build\quake3e_release_x64\cl_net_chan.obj
c:\users\vahid\desktop\client\code\win32\msvc2015\build\quake3e_release_x64\cl_parse.obj
c:\users\vahid\desktop\client\code\win32\msvc2015\build\quake3e_release_x64\cl_scrn.obj
c:\users\vahid\desktop\client\code\win32\msvc2015\build\quake3e_release_x64\cl_ui.obj
c:\users\vahid\desktop\client\code\win32\msvc2015\build\quake3e_release_x64\cmd.obj
c:\users\vahid\desktop\client\code\win32\msvc2015\build\quake3e_release_x64\cm_load.obj
c:\users\vahid\desktop\client\code\win32\msvc2015\build\quake3e_release_x64\cm_patch.obj
c:\users\vahid\desktop\client\code\win32\msvc2015\build\quake3e_release_x64\cm_polylib.obj
c:\users\vahid\desktop\client\code\win32\msvc2015\build\quake3e_release_x64\cm_test.obj
c:\users\vahid\desktop\client\code\win32\msvc2015\build\quake3e_release_x64\cm_trace.obj
c:\users\vahid\desktop\client\code\win32\msvc2015\build\quake3e_release_x64\common.obj
c:\users\vahid\desktop\client\code\win32\msvc2015\build\quake3e_release_x64\cvar.obj
c:\users\vahid\desktop\client\code\win32\msvc2015\build\quake3e_release_x64\files.obj
c:\users\vahid\desktop\client\code\win32\msvc2015\build\quake3e_release_x64\history.obj
c:\users\vahid\desktop\client\code\win32\msvc2015\build\quake3e_release_x64\huffman.obj
c:\users\vahid\desktop\client\code\win32\msvc2015\build\quake3e_release_x64\huffman_static.obj
c:\users\vahid\desktop\client\code\win32\msvc2015\build\quake3e_release_x64\keys.obj
c:\users\vahid\desktop\client\code\win32\msvc2015\build\quake3e_release_x64\md4.obj
c:\users\vahid\desktop\client\code\win32\msvc2015\build\quake3e_release_x64\md5.obj
c:\users\vahid\desktop\client\code\win32\msvc2015\build\quake3e_release_x64\msg.obj
c:\users\vahid\desktop\client\code\win32\msvc2015\build\quake3e_release_x64\net_chan.obj
c:\users\vahid\desktop\client\code\win32\msvc2015\build\quake3e_release_x64\net_ip.obj
c:\users\vahid\desktop\client\code\win32\msvc2015\build\quake3e_release_x64\puff.obj
c:\users\vahid\desktop\client\code\win32\msvc2015\build\quake3e_release_x64\q_math.obj
c:\users\vahid\desktop\client\code\win32\msvc2015\build\quake3e_release_x64\q_shared.obj
c:\users\vahid\desktop\client\code\win32\msvc2015\build\quake3e_release_x64\snd_adpcm.obj
c:\users\vahid\desktop\client\code\win32\msvc2015\build\quake3e_release_x64\snd_codec.obj
c:\users\vahid\desktop\client\code\win32\msvc2015\build\quake3e_release_x64\snd_codec_ogg.obj
c:\users\vahid\desktop\client\code\win32\msvc2015\build\quake3e_release_x64\snd_codec_wav.obj
c:\users\vahid\desktop\client\code\win32\msvc2015\build\quake3e_release_x64\snd_dma.obj
c:\users\vahid\desktop\client\code\win32\msvc2015\build\quake3e_release_x64\snd_main.obj
c:\users\vahid\desktop\client\code\win32\msvc2015\build\quake3e_release_x64\snd_mem.obj
c:\users\vahid\desktop\client\code\win32\msvc2015\build\quake3e_release_x64\snd_mix.obj
c:\users\vahid\desktop\client\code\win32\msvc2015\build\quake3e_release_x64\snd_mix_x64.asm.obj
c:\users\vahid\desktop\client\code\win32\msvc2015\build\quake3e_release_x64\snd_wavelet.obj
c:\users\vahid\desktop\client\code\win32\msvc2015\build\quake3e_release_x64\sv_bot.obj
c:\users\vahid\desktop\client\code\win32\msvc2015\build\quake3e_release_x64\sv_ccmds.obj
c:\users\vahid\desktop\client\code\win32\msvc2015\build\quake3e_release_x64\sv_client.obj
c:\users\vahid\desktop\client\code\win32\msvc2015\build\quake3e_release_x64\sv_game.obj
c:\users\vahid\desktop\client\code\win32\msvc2015\build\quake3e_release_x64\sv_init.obj
c:\users\vahid\desktop\client\code\win32\msvc2015\build\quake3e_release_x64\sv_main.obj
c:\users\vahid\desktop\client\code\win32\msvc2015\build\quake3e_release_x64\sv_net_chan.obj
c:\users\vahid\desktop\client\code\win32\msvc2015\build\quake3e_release_x64\sv_snapshot.obj
c:\users\vahid\desktop\client\code\win32\msvc2015\build\quake3e_release_x64\sv_world.obj
c:\users\vahid\desktop\client\code\win32\msvc2015\build\quake3e_release_x64\unzip.obj
c:\users\vahid\desktop\client\code\win32\msvc2015\build\quake3e_release_x64\vm.obj
c:\users\vahid\desktop\client\code\win32\msvc2015\build\quake3e_release_x64\vm_interpreted.obj
c:\users\vahid\desktop\client\code\win32\msvc2015\build\quake3e_release_x64\vm_x86.obj
c:\users\vahid\desktop\client\code\win32\msvc2015\build\quake3e_release_x64\win_input.obj
c:\users\vahid\desktop\client\code\win32\msvc2015\build\quake3e_release_x64\win_main.obj
c:\users\vahid\desktop\client\code\win32\msvc2015\build\quake3e_release_x64\win_minimize.obj
c:\users\vahid\desktop\client\code\win32\msvc2015\build\quake3e_release_x64\win_shared.obj
c:\users\vahid\desktop\client\code\win32\msvc2015\build\quake3e_release_x64\win_snd.obj
c:\users\vahid\desktop\client\code\win32\msvc2015\build\quake3e_release_x64\win_syscon.obj
c:\users\vahid\desktop\client\code\win32\msvc2015\build\quake3e_release_x64\win_wndproc.obj
c:\users\vahid\desktop\client\code\win32\msvc2015\build\quake3e_release_x64\win_resource.res
c:\users\vahid\desktop\client\code\win32\msvc2015\build\quake3e_release_x64\vc141.pdb
c:\users\vahid\desktop\client\code\win32\msvc2015\build\quake3e_release_x64\quake3.tlog\cl.command.1.tlog
c:\users\vahid\desktop\client\code\win32\msvc2015\build\quake3e_release_x64\quake3.tlog\cl.read.1.tlog
c:\users\vahid\desktop\client\code\win32\msvc2015\build\quake3e_release_x64\quake3.tlog\cl.write.1.tlog
c:\users\vahid\desktop\client\code\win32\msvc2015\build\quake3e_release_x64\quake3.tlog\custombuild.command.1.tlog
c:\users\vahid\desktop\client\code\win32\msvc2015\build\quake3e_release_x64\quake3.tlog\custombuild.read.1.tlog
c:\users\vahid\desktop\client\code\win32\msvc2015\build\quake3e_release_x64\quake3.tlog\custombuild.write.1.tlog
c:\users\vahid\desktop\client\code\win32\msvc2015\build\quake3e_release_x64\quake3.tlog\link.command.1.tlog
c:\users\vahid\desktop\client\code\win32\msvc2015\build\quake3e_release_x64\quake3.tlog\link.read.1.tlog
c:\users\vahid\desktop\client\code\win32\msvc2015\build\quake3e_release_x64\quake3.tlog\link.write.1.tlog
c:\users\vahid\desktop\client\code\win32\msvc2015\build\quake3e_release_x64\quake3.tlog\rc.command.1.tlog
c:\users\vahid\desktop\client\code\win32\msvc2015\build\quake3e_release_x64\quake3.tlog\rc.read.1.tlog
c:\users\vahid\desktop\client\code\win32\msvc2015\build\quake3e_release_x64\quake3.tlog\rc.write.1.tlog
