c:\quake3e-master\code\win32\msvc2015\build\quake3e_debug\vc141.pdb
c:\quake3e-master\code\win32\msvc2015\build\quake3e_debug\vc141.idb
c:\quake3e-master\code\win32\msvc2015\build\quake3e_debug\cl_avi.sbr
c:\quake3e-master\code\win32\msvc2015\build\quake3e_debug\cl_cgame.sbr
c:\quake3e-master\code\win32\msvc2015\build\quake3e_debug\cl_cin.sbr
c:\quake3e-master\code\win32\msvc2015\build\quake3e_debug\cl_console.sbr
c:\quake3e-master\code\win32\msvc2015\build\quake3e_debug\cl_curl.sbr
c:\quake3e-master\code\win32\msvc2015\build\quake3e_debug\cl_input.sbr
c:\quake3e-master\code\win32\msvc2015\build\quake3e_debug\cl_keys.sbr
c:\quake3e-master\code\win32\msvc2015\build\quake3e_debug\cl_main.sbr
c:\quake3e-master\code\win32\msvc2015\build\quake3e_debug\cl_net_chan.sbr
c:\quake3e-master\code\win32\msvc2015\build\quake3e_debug\cl_parse.sbr
c:\quake3e-master\code\win32\msvc2015\build\quake3e_debug\cl_scrn.sbr
c:\quake3e-master\code\win32\msvc2015\build\quake3e_debug\cl_ui.sbr
c:\quake3e-master\code\win32\msvc2015\build\quake3e_debug\snd_adpcm.sbr
c:\quake3e-master\code\win32\msvc2015\build\quake3e_debug\snd_codec.sbr
c:\quake3e-master\code\win32\msvc2015\build\quake3e_debug\snd_codec_ogg.sbr
c:\quake3e-master\code\win32\msvc2015\build\quake3e_debug\snd_codec_wav.sbr
c:\quake3e-master\code\win32\msvc2015\build\quake3e_debug\snd_dma.sbr
c:\quake3e-master\code\win32\msvc2015\build\quake3e_debug\snd_main.sbr
c:\quake3e-master\code\win32\msvc2015\build\quake3e_debug\snd_mem.sbr
c:\quake3e-master\code\win32\msvc2015\build\quake3e_debug\snd_mix.sbr
c:\quake3e-master\code\win32\msvc2015\build\quake3e_debug\snd_mix.obj
c:\quake3e-master\code\win32\msvc2015\build\quake3e_debug\snd_mem.obj
c:\quake3e-master\code\win32\msvc2015\build\quake3e_debug\snd_main.obj
c:\quake3e-master\code\win32\msvc2015\build\quake3e_debug\snd_dma.obj
c:\quake3e-master\code\win32\msvc2015\build\quake3e_debug\snd_codec_wav.obj
c:\quake3e-master\code\win32\msvc2015\build\quake3e_debug\snd_codec_ogg.obj
c:\quake3e-master\code\win32\msvc2015\build\quake3e_debug\snd_codec.obj
c:\quake3e-master\code\win32\msvc2015\build\quake3e_debug\snd_adpcm.obj
c:\quake3e-master\code\win32\msvc2015\build\quake3e_debug\cl_ui.obj
c:\quake3e-master\code\win32\msvc2015\build\quake3e_debug\cl_scrn.obj
c:\quake3e-master\code\win32\msvc2015\build\quake3e_debug\cl_parse.obj
c:\quake3e-master\code\win32\msvc2015\build\quake3e_debug\cl_net_chan.obj
c:\quake3e-master\code\win32\msvc2015\build\quake3e_debug\cl_main.obj
c:\quake3e-master\code\win32\msvc2015\build\quake3e_debug\cl_keys.obj
c:\quake3e-master\code\win32\msvc2015\build\quake3e_debug\cl_input.obj
c:\quake3e-master\code\win32\msvc2015\build\quake3e_debug\cl_curl.obj
c:\quake3e-master\code\win32\msvc2015\build\quake3e_debug\cl_console.obj
c:\quake3e-master\code\win32\msvc2015\build\quake3e_debug\cl_cin.obj
c:\quake3e-master\code\win32\msvc2015\build\quake3e_debug\cl_cgame.obj
c:\quake3e-master\code\win32\msvc2015\build\quake3e_debug\cl_avi.obj
c:\quake3e-master\code\win32\msvc2015\build\quake3e_debug\snd_wavelet.sbr
c:\quake3e-master\code\win32\msvc2015\build\quake3e_debug\cmd.sbr
c:\quake3e-master\code\win32\msvc2015\build\quake3e_debug\cm_load.sbr
c:\quake3e-master\code\win32\msvc2015\build\quake3e_debug\cm_patch.sbr
c:\quake3e-master\code\win32\msvc2015\build\quake3e_debug\cm_polylib.sbr
c:\quake3e-master\code\win32\msvc2015\build\quake3e_debug\cm_test.sbr
c:\quake3e-master\code\win32\msvc2015\build\quake3e_debug\cm_trace.sbr
c:\quake3e-master\code\win32\msvc2015\build\quake3e_debug\common.sbr
c:\quake3e-master\code\win32\msvc2015\build\quake3e_debug\cvar.sbr
c:\quake3e-master\code\win32\msvc2015\build\quake3e_debug\files.sbr
c:\quake3e-master\code\win32\msvc2015\build\quake3e_debug\history.sbr
c:\quake3e-master\code\win32\msvc2015\build\quake3e_debug\huffman.sbr
c:\quake3e-master\code\win32\msvc2015\build\quake3e_debug\huffman_static.sbr
c:\quake3e-master\code\win32\msvc2015\build\quake3e_debug\keys.sbr
c:\quake3e-master\code\win32\msvc2015\build\quake3e_debug\md4.sbr
c:\quake3e-master\code\win32\msvc2015\build\quake3e_debug\md5.sbr
c:\quake3e-master\code\win32\msvc2015\build\quake3e_debug\msg.sbr
c:\quake3e-master\code\win32\msvc2015\build\quake3e_debug\net_chan.sbr
c:\quake3e-master\code\win32\msvc2015\build\quake3e_debug\net_ip.sbr
c:\quake3e-master\code\win32\msvc2015\build\quake3e_debug\puff.sbr
c:\quake3e-master\code\win32\msvc2015\build\quake3e_debug\puff.obj
c:\quake3e-master\code\win32\msvc2015\build\quake3e_debug\net_ip.obj
c:\quake3e-master\code\win32\msvc2015\build\quake3e_debug\net_chan.obj
c:\quake3e-master\code\win32\msvc2015\build\quake3e_debug\msg.obj
c:\quake3e-master\code\win32\msvc2015\build\quake3e_debug\md5.obj
c:\quake3e-master\code\win32\msvc2015\build\quake3e_debug\md4.obj
c:\quake3e-master\code\win32\msvc2015\build\quake3e_debug\keys.obj
c:\quake3e-master\code\win32\msvc2015\build\quake3e_debug\huffman_static.obj
c:\quake3e-master\code\win32\msvc2015\build\quake3e_debug\huffman.obj
c:\quake3e-master\code\win32\msvc2015\build\quake3e_debug\history.obj
c:\quake3e-master\code\win32\msvc2015\build\quake3e_debug\files.obj
c:\quake3e-master\code\win32\msvc2015\build\quake3e_debug\cvar.obj
c:\quake3e-master\code\win32\msvc2015\build\quake3e_debug\common.obj
c:\quake3e-master\code\win32\msvc2015\build\quake3e_debug\cm_trace.obj
c:\quake3e-master\code\win32\msvc2015\build\quake3e_debug\cm_test.obj
c:\quake3e-master\code\win32\msvc2015\build\quake3e_debug\cm_polylib.obj
c:\quake3e-master\code\win32\msvc2015\build\quake3e_debug\cm_patch.obj
c:\quake3e-master\code\win32\msvc2015\build\quake3e_debug\cm_load.obj
c:\quake3e-master\code\win32\msvc2015\build\quake3e_debug\cmd.obj
c:\quake3e-master\code\win32\msvc2015\build\quake3e_debug\snd_wavelet.obj
c:\quake3e-master\code\win32\msvc2015\build\quake3e_debug\q_math.sbr
c:\quake3e-master\code\win32\msvc2015\build\quake3e_debug\q_shared.sbr
c:\quake3e-master\code\win32\msvc2015\build\quake3e_debug\unzip.sbr
c:\quake3e-master\code\win32\msvc2015\build\quake3e_debug\vm.sbr
c:\quake3e-master\code\win32\msvc2015\build\quake3e_debug\vm_interpreted.sbr
c:\quake3e-master\code\win32\msvc2015\build\quake3e_debug\vm_x86.sbr
c:\quake3e-master\code\win32\msvc2015\build\quake3e_debug\sv_bot.sbr
c:\quake3e-master\code\win32\msvc2015\build\quake3e_debug\sv_ccmds.sbr
c:\quake3e-master\code\win32\msvc2015\build\quake3e_debug\sv_client.sbr
c:\quake3e-master\code\win32\msvc2015\build\quake3e_debug\sv_game.sbr
c:\quake3e-master\code\win32\msvc2015\build\quake3e_debug\sv_init.sbr
c:\quake3e-master\code\win32\msvc2015\build\quake3e_debug\sv_main.sbr
c:\quake3e-master\code\win32\msvc2015\build\quake3e_debug\sv_net_chan.sbr
c:\quake3e-master\code\win32\msvc2015\build\quake3e_debug\sv_snapshot.sbr
c:\quake3e-master\code\win32\msvc2015\build\quake3e_debug\sv_world.sbr
c:\quake3e-master\code\win32\msvc2015\build\quake3e_debug\win_input.sbr
c:\quake3e-master\code\win32\msvc2015\build\quake3e_debug\win_main.sbr
c:\quake3e-master\code\win32\msvc2015\build\quake3e_debug\win_minimize.sbr
c:\quake3e-master\code\win32\msvc2015\build\quake3e_debug\win_shared.sbr
c:\quake3e-master\code\win32\msvc2015\build\quake3e_debug\win_snd.sbr
c:\quake3e-master\code\win32\msvc2015\build\quake3e_debug\win_snd.obj
c:\quake3e-master\code\win32\msvc2015\build\quake3e_debug\win_shared.obj
c:\quake3e-master\code\win32\msvc2015\build\quake3e_debug\win_minimize.obj
c:\quake3e-master\code\win32\msvc2015\build\quake3e_debug\win_main.obj
c:\quake3e-master\code\win32\msvc2015\build\quake3e_debug\win_input.obj
c:\quake3e-master\code\win32\msvc2015\build\quake3e_debug\sv_world.obj
c:\quake3e-master\code\win32\msvc2015\build\quake3e_debug\sv_snapshot.obj
c:\quake3e-master\code\win32\msvc2015\build\quake3e_debug\sv_net_chan.obj
c:\quake3e-master\code\win32\msvc2015\build\quake3e_debug\sv_main.obj
c:\quake3e-master\code\win32\msvc2015\build\quake3e_debug\sv_init.obj
c:\quake3e-master\code\win32\msvc2015\build\quake3e_debug\sv_game.obj
c:\quake3e-master\code\win32\msvc2015\build\quake3e_debug\sv_client.obj
c:\quake3e-master\code\win32\msvc2015\build\quake3e_debug\sv_ccmds.obj
c:\quake3e-master\code\win32\msvc2015\build\quake3e_debug\sv_bot.obj
c:\quake3e-master\code\win32\msvc2015\build\quake3e_debug\vm_x86.obj
c:\quake3e-master\code\win32\msvc2015\build\quake3e_debug\vm_interpreted.obj
c:\quake3e-master\code\win32\msvc2015\build\quake3e_debug\vm.obj
c:\quake3e-master\code\win32\msvc2015\build\quake3e_debug\unzip.obj
c:\quake3e-master\code\win32\msvc2015\build\quake3e_debug\q_shared.obj
c:\quake3e-master\code\win32\msvc2015\build\quake3e_debug\q_math.obj
c:\quake3e-master\code\win32\msvc2015\build\quake3e_debug\win_syscon.sbr
c:\quake3e-master\code\win32\msvc2015\build\quake3e_debug\win_wndproc.sbr
c:\quake3e-master\code\win32\msvc2015\build\quake3e_debug\win_wndproc.obj
c:\quake3e-master\code\win32\msvc2015\build\quake3e_debug\win_syscon.obj
c:\quake3e-master\code\win32\winquake.res
c:\quake3e-master\code\win32\msvc2015\build\quake3e_debug\quake3e-debug.pdb
c:\quake3e-master\code\win32\msvc2015\build\quake3e_debug\quake3.tlog\cl.command.1.tlog
c:\quake3e-master\code\win32\msvc2015\build\quake3e_debug\quake3.tlog\cl.read.1.tlog
c:\quake3e-master\code\win32\msvc2015\build\quake3e_debug\quake3.tlog\cl.write.1.tlog
c:\quake3e-master\code\win32\msvc2015\build\quake3e_debug\quake3.tlog\link-cvtres.read.1.tlog
c:\quake3e-master\code\win32\msvc2015\build\quake3e_debug\quake3.tlog\link-cvtres.write.1.tlog
c:\quake3e-master\code\win32\msvc2015\build\quake3e_debug\quake3.tlog\link-rc.read.1.tlog
c:\quake3e-master\code\win32\msvc2015\build\quake3e_debug\quake3.tlog\link-rc.write.1.tlog
c:\quake3e-master\code\win32\msvc2015\build\quake3e_debug\quake3.tlog\link.command.1.tlog
c:\quake3e-master\code\win32\msvc2015\build\quake3e_debug\quake3.tlog\link.read.1.tlog
c:\quake3e-master\code\win32\msvc2015\build\quake3e_debug\quake3.tlog\link.write.1.tlog
c:\quake3e-master\code\win32\msvc2015\build\quake3e_debug\quake3.tlog\rc.command.1.tlog
c:\quake3e-master\code\win32\msvc2015\build\quake3e_debug\quake3.tlog\rc.read.1.tlog
c:\quake3e-master\code\win32\msvc2015\build\quake3e_debug\quake3.tlog\rc.write.1.tlog
