c:\quake3e-master\code\win32\msvc2015\build\renderer_debug\renderer.bsc
c:\quake3e-master\code\win32\msvc2015\build\renderer_debug\renderer.pdb
c:\quake3e-master\code\win32\msvc2015\build\renderer_debug\renderer.idb
c:\quake3e-master\code\win32\msvc2015\build\renderer_debug\tr_animation.sbr
c:\quake3e-master\code\win32\msvc2015\build\renderer_debug\tr_arb.sbr
c:\quake3e-master\code\win32\msvc2015\build\renderer_debug\tr_backend.sbr
c:\quake3e-master\code\win32\msvc2015\build\renderer_debug\tr_bloom.sbr
c:\quake3e-master\code\win32\msvc2015\build\renderer_debug\tr_bsp.sbr
c:\quake3e-master\code\win32\msvc2015\build\renderer_debug\tr_cmds.sbr
c:\quake3e-master\code\win32\msvc2015\build\renderer_debug\tr_curve.sbr
c:\quake3e-master\code\win32\msvc2015\build\renderer_debug\tr_flares.sbr
c:\quake3e-master\code\win32\msvc2015\build\renderer_debug\tr_font.sbr
c:\quake3e-master\code\win32\msvc2015\build\renderer_debug\tr_image.sbr
c:\quake3e-master\code\win32\msvc2015\build\renderer_debug\tr_image_bmp.sbr
c:\quake3e-master\code\win32\msvc2015\build\renderer_debug\tr_image_jpg.sbr
c:\quake3e-master\code\win32\msvc2015\build\renderer_debug\tr_image_pcx.sbr
c:\quake3e-master\code\win32\msvc2015\build\renderer_debug\tr_image_png.sbr
c:\quake3e-master\code\win32\msvc2015\build\renderer_debug\tr_image_tga.sbr
c:\quake3e-master\code\win32\msvc2015\build\renderer_debug\tr_init.sbr
c:\quake3e-master\code\win32\msvc2015\build\renderer_debug\tr_light.sbr
c:\quake3e-master\code\win32\msvc2015\build\renderer_debug\tr_main.sbr
c:\quake3e-master\code\win32\msvc2015\build\renderer_debug\tr_marks.sbr
c:\quake3e-master\code\win32\msvc2015\build\renderer_debug\tr_mesh.sbr
c:\quake3e-master\code\win32\msvc2015\build\renderer_debug\tr_mesh.obj
c:\quake3e-master\code\win32\msvc2015\build\renderer_debug\tr_marks.obj
c:\quake3e-master\code\win32\msvc2015\build\renderer_debug\tr_main.obj
c:\quake3e-master\code\win32\msvc2015\build\renderer_debug\tr_light.obj
c:\quake3e-master\code\win32\msvc2015\build\renderer_debug\tr_init.obj
c:\quake3e-master\code\win32\msvc2015\build\renderer_debug\tr_image_tga.obj
c:\quake3e-master\code\win32\msvc2015\build\renderer_debug\tr_image_png.obj
c:\quake3e-master\code\win32\msvc2015\build\renderer_debug\tr_image_pcx.obj
c:\quake3e-master\code\win32\msvc2015\build\renderer_debug\tr_image_jpg.obj
c:\quake3e-master\code\win32\msvc2015\build\renderer_debug\tr_image_bmp.obj
c:\quake3e-master\code\win32\msvc2015\build\renderer_debug\tr_image.obj
c:\quake3e-master\code\win32\msvc2015\build\renderer_debug\tr_font.obj
c:\quake3e-master\code\win32\msvc2015\build\renderer_debug\tr_flares.obj
c:\quake3e-master\code\win32\msvc2015\build\renderer_debug\tr_curve.obj
c:\quake3e-master\code\win32\msvc2015\build\renderer_debug\tr_cmds.obj
c:\quake3e-master\code\win32\msvc2015\build\renderer_debug\tr_bsp.obj
c:\quake3e-master\code\win32\msvc2015\build\renderer_debug\tr_bloom.obj
c:\quake3e-master\code\win32\msvc2015\build\renderer_debug\tr_backend.obj
c:\quake3e-master\code\win32\msvc2015\build\renderer_debug\tr_arb.obj
c:\quake3e-master\code\win32\msvc2015\build\renderer_debug\tr_animation.obj
c:\quake3e-master\code\win32\msvc2015\build\renderer_debug\tr_model.sbr
c:\quake3e-master\code\win32\msvc2015\build\renderer_debug\tr_model_iqm.sbr
c:\quake3e-master\code\win32\msvc2015\build\renderer_debug\tr_noise.sbr
c:\quake3e-master\code\win32\msvc2015\build\renderer_debug\tr_scene.sbr
c:\quake3e-master\code\win32\msvc2015\build\renderer_debug\tr_shade.sbr
c:\quake3e-master\code\win32\msvc2015\build\renderer_debug\tr_shader.sbr
c:\quake3e-master\code\win32\msvc2015\build\renderer_debug\tr_shade_calc.sbr
c:\quake3e-master\code\win32\msvc2015\build\renderer_debug\tr_shadows.sbr
c:\quake3e-master\code\win32\msvc2015\build\renderer_debug\tr_sky.sbr
c:\quake3e-master\code\win32\msvc2015\build\renderer_debug\tr_surface.sbr
c:\quake3e-master\code\win32\msvc2015\build\renderer_debug\tr_world.sbr
c:\quake3e-master\code\win32\msvc2015\build\renderer_debug\win_gamma.sbr
c:\quake3e-master\code\win32\msvc2015\build\renderer_debug\win_glimp.sbr
c:\quake3e-master\code\win32\msvc2015\build\renderer_debug\win_qgl.sbr
c:\quake3e-master\code\win32\msvc2015\build\renderer_debug\win_qgl.obj
c:\quake3e-master\code\win32\msvc2015\build\renderer_debug\win_glimp.obj
c:\quake3e-master\code\win32\msvc2015\build\renderer_debug\win_gamma.obj
c:\quake3e-master\code\win32\msvc2015\build\renderer_debug\tr_world.obj
c:\quake3e-master\code\win32\msvc2015\build\renderer_debug\tr_surface.obj
c:\quake3e-master\code\win32\msvc2015\build\renderer_debug\tr_sky.obj
c:\quake3e-master\code\win32\msvc2015\build\renderer_debug\tr_shadows.obj
c:\quake3e-master\code\win32\msvc2015\build\renderer_debug\tr_shade_calc.obj
c:\quake3e-master\code\win32\msvc2015\build\renderer_debug\tr_shader.obj
c:\quake3e-master\code\win32\msvc2015\build\renderer_debug\tr_shade.obj
c:\quake3e-master\code\win32\msvc2015\build\renderer_debug\tr_scene.obj
c:\quake3e-master\code\win32\msvc2015\build\renderer_debug\tr_noise.obj
c:\quake3e-master\code\win32\msvc2015\build\renderer_debug\tr_model_iqm.obj
c:\quake3e-master\code\win32\msvc2015\build\renderer_debug\tr_model.obj
c:\quake3e-master\code\win32\msvc2015\build\renderer_debug\renderer.lib
c:\quake3e-master\code\win32\msvc2015\.\build\renderer_debug\renderer.lib
c:\quake3e-master\code\win32\msvc2015\build\renderer_debug\renderer.tlog\bscmake.command.1.tlog
c:\quake3e-master\code\win32\msvc2015\build\renderer_debug\renderer.tlog\bscmake.read.1.tlog
c:\quake3e-master\code\win32\msvc2015\build\renderer_debug\renderer.tlog\bscmake.write.1.tlog
c:\quake3e-master\code\win32\msvc2015\build\renderer_debug\renderer.tlog\cl.command.1.tlog
c:\quake3e-master\code\win32\msvc2015\build\renderer_debug\renderer.tlog\cl.read.1.tlog
c:\quake3e-master\code\win32\msvc2015\build\renderer_debug\renderer.tlog\cl.write.1.tlog
c:\quake3e-master\code\win32\msvc2015\build\renderer_debug\renderer.tlog\lib-link.read.1.tlog
c:\quake3e-master\code\win32\msvc2015\build\renderer_debug\renderer.tlog\lib-link.write.1.tlog
c:\quake3e-master\code\win32\msvc2015\build\renderer_debug\renderer.tlog\lib.command.1.tlog
