  tr_animation.c
  tr_arb.c
  tr_backend.c
  tr_bloom.c
  tr_bsp.c
  tr_cmds.c
  tr_curve.c
  tr_flares.c
  tr_font.c
  tr_image.c
  tr_image_bmp.c
  tr_image_jpg.c
  tr_image_pcx.c
  tr_image_png.c
  tr_image_tga.c
  tr_init.c
  tr_light.c
  tr_main.c
  tr_marks.c
  tr_mesh.c
  Generating Code...
  Compiling...
  tr_model.c
  tr_model_iqm.c
  tr_noise.c
  tr_scene.c
  tr_shade.c
  tr_shader.c
  tr_shade_calc.c
  tr_shadows.c
  tr_sky.c
  tr_surface.c
  tr_world.c
  win_gamma.c
c:\quake3e-master\code\win32\win_gamma.c(164): warning C4996: 'GetVersionExA': was declared deprecated
  c:\program files (x86)\windows kits\10\include\10.0.15063.0\um\sysinfoapi.h(436): note: see declaration of 'GetVersionExA'
  win_glimp.c
c:\quake3e-master\code\win32\win_glimp.c(1430): warning C4996: 'GetVersionExA': was declared deprecated
  c:\program files (x86)\windows kits\10\include\10.0.15063.0\um\sysinfoapi.h(436): note: see declaration of 'GetVersionExA'
  win_qgl.c
  Generating Code...
  renderer.vcxproj -> C:\Quake3e-master\code\win32\msvc2015\.\build\renderer_debug\renderer.lib
